[1.070s] Invoking command in '/home/ubuntu/ASR/qrb_ros_samples_fulan/ai_audio/sample_speech_recognition': DEBUGINFOD_URLS=https://debuginfod.ubuntu.com PYTHONPATH=/home/ubuntu/ASR/qrb_ros_samples_fulan/ai_audio/sample_speech_recognition/build/sample_speech_recognition/prefix_override:/usr/lib/python3/dist-packages/colcon_core/task/python/colcon_distutils_commands:/home/ubuntu/ASR/qrb_ros_samples_fulan/ai_audio/sample_speech_recognition/install/sample_speech_recognition/lib/python3.12/site-packages:${PYTHONPATH} /usr/bin/python3 -W ignore:setup.py install is deprecated -W ignore:easy_install command is deprecated setup.py egg_info --egg-base build/sample_speech_recognition build --build-base /home/ubuntu/ASR/qrb_ros_samples_fulan/ai_audio/sample_speech_recognition/build/sample_speech_recognition/build install --record /home/ubuntu/ASR/qrb_ros_samples_fulan/ai_audio/sample_speech_recognition/build/sample_speech_recognition/install.log --single-version-externally-managed install_data
[1.418s] running egg_info
[1.442s] writing build/sample_speech_recognition/sample_speech_recognition.egg-info/PKG-INFO
[1.442s] writing dependency_links to build/sample_speech_recognition/sample_speech_recognition.egg-info/dependency_links.txt
[1.443s] writing entry points to build/sample_speech_recognition/sample_speech_recognition.egg-info/entry_points.txt
[1.443s] writing requirements to build/sample_speech_recognition/sample_speech_recognition.egg-info/requires.txt
[1.443s] writing top-level names to build/sample_speech_recognition/sample_speech_recognition.egg-info/top_level.txt
[1.492s] reading manifest file 'build/sample_speech_recognition/sample_speech_recognition.egg-info/SOURCES.txt'
[1.492s] adding license file 'LICENSE'
[1.493s] writing manifest file 'build/sample_speech_recognition/sample_speech_recognition.egg-info/SOURCES.txt'
[1.493s] running build
[1.493s] running build_py
[1.493s] copying sample_speech_recognition/qrb_ros_whisper_preprocess.py -> /home/ubuntu/ASR/qrb_ros_samples_fulan/ai_audio/sample_speech_recognition/build/sample_speech_recognition/build/lib/sample_speech_recognition
[1.494s] running install
[1.502s] running install_lib
[1.527s] copying /home/ubuntu/ASR/qrb_ros_samples_fulan/ai_audio/sample_speech_recognition/build/sample_speech_recognition/build/lib/sample_speech_recognition/qrb_ros_whisper_preprocess.py -> /home/ubuntu/ASR/qrb_ros_samples_fulan/ai_audio/sample_speech_recognition/install/sample_speech_recognition/lib/python3.12/site-packages/sample_speech_recognition
[1.528s] byte-compiling /home/ubuntu/ASR/qrb_ros_samples_fulan/ai_audio/sample_speech_recognition/install/sample_speech_recognition/lib/python3.12/site-packages/sample_speech_recognition/qrb_ros_whisper_preprocess.py to qrb_ros_whisper_preprocess.cpython-312.pyc
[1.529s] running install_data
[1.530s] copying sample_speech_recognition/qrb_ros_whisper_preprocess.py -> /home/ubuntu/ASR/qrb_ros_samples_fulan/ai_audio/sample_speech_recognition/install/sample_speech_recognition/lib/sample_speech_recognition
[1.530s] running install_egg_info
[1.556s] removing '/home/ubuntu/ASR/qrb_ros_samples_fulan/ai_audio/sample_speech_recognition/install/sample_speech_recognition/lib/python3.12/site-packages/sample_speech_recognition-1.0.0-py3.12.egg-info' (and everything under it)
[1.557s] Copying build/sample_speech_recognition/sample_speech_recognition.egg-info to /home/ubuntu/ASR/qrb_ros_samples_fulan/ai_audio/sample_speech_recognition/install/sample_speech_recognition/lib/python3.12/site-packages/sample_speech_recognition-1.0.0-py3.12.egg-info
[1.558s] running install_scripts
[1.726s] Installing qrb_ros_whisper_postprocess script to /home/ubuntu/ASR/qrb_ros_samples_fulan/ai_audio/sample_speech_recognition/install/sample_speech_recognition/lib/sample_speech_recognition
[1.727s] Installing qrb_ros_whisper_preprocess script to /home/ubuntu/ASR/qrb_ros_samples_fulan/ai_audio/sample_speech_recognition/install/sample_speech_recognition/lib/sample_speech_recognition
[1.727s] writing list of installed files to '/home/ubuntu/ASR/qrb_ros_samples_fulan/ai_audio/sample_speech_recognition/build/sample_speech_recognition/install.log'
[1.772s] Invoked command in '/home/ubuntu/ASR/qrb_ros_samples_fulan/ai_audio/sample_speech_recognition' returned '0': DEBUGINFOD_URLS=https://debuginfod.ubuntu.com PYTHONPATH=/home/ubuntu/ASR/qrb_ros_samples_fulan/ai_audio/sample_speech_recognition/build/sample_speech_recognition/prefix_override:/usr/lib/python3/dist-packages/colcon_core/task/python/colcon_distutils_commands:/home/ubuntu/ASR/qrb_ros_samples_fulan/ai_audio/sample_speech_recognition/install/sample_speech_recognition/lib/python3.12/site-packages:${PYTHONPATH} /usr/bin/python3 -W ignore:setup.py install is deprecated -W ignore:easy_install command is deprecated setup.py egg_info --egg-base build/sample_speech_recognition build --build-base /home/ubuntu/ASR/qrb_ros_samples_fulan/ai_audio/sample_speech_recognition/build/sample_speech_recognition/build install --record /home/ubuntu/ASR/qrb_ros_samples_fulan/ai_audio/sample_speech_recognition/build/sample_speech_recognition/install.log --single-version-externally-managed install_data
