running egg_info
creating build/sample_speech_recognition/sample_speech_recognition.egg-info
writing build/sample_speech_recognition/sample_speech_recognition.egg-info/PKG-INFO
writing dependency_links to build/sample_speech_recognition/sample_speech_recognition.egg-info/dependency_links.txt
writing entry points to build/sample_speech_recognition/sample_speech_recognition.egg-info/entry_points.txt
writing requirements to build/sample_speech_recognition/sample_speech_recognition.egg-info/requires.txt
writing top-level names to build/sample_speech_recognition/sample_speech_recognition.egg-info/top_level.txt
writing manifest file 'build/sample_speech_recognition/sample_speech_recognition.egg-info/SOURCES.txt'
reading manifest file 'build/sample_speech_recognition/sample_speech_recognition.egg-info/SOURCES.txt'
adding license file 'LICENSE'
writing manifest file 'build/sample_speech_recognition/sample_speech_recognition.egg-info/SOURCES.txt'
running build
running build_py
creating /home/ubuntu/ASR/qrb_ros_samples_fulan/ai_audio/sample_speech_recognition/build/sample_speech_recognition/build
creating /home/ubuntu/ASR/qrb_ros_samples_fulan/ai_audio/sample_speech_recognition/build/sample_speech_recognition/build/lib
creating /home/ubuntu/ASR/qrb_ros_samples_fulan/ai_audio/sample_speech_recognition/build/sample_speech_recognition/build/lib/sample_speech_recognition
copying sample_speech_recognition/decode.py -> /home/ubuntu/ASR/qrb_ros_samples_fulan/ai_audio/sample_speech_recognition/build/sample_speech_recognition/build/lib/sample_speech_recognition
copying sample_speech_recognition/qrb_ros_whisper_preprocess.py -> /home/ubuntu/ASR/qrb_ros_samples_fulan/ai_audio/sample_speech_recognition/build/sample_speech_recognition/build/lib/sample_speech_recognition
copying sample_speech_recognition/qrb_ros_whisper_postprocess.py -> /home/ubuntu/ASR/qrb_ros_samples_fulan/ai_audio/sample_speech_recognition/build/sample_speech_recognition/build/lib/sample_speech_recognition
copying sample_speech_recognition/__init__.py -> /home/ubuntu/ASR/qrb_ros_samples_fulan/ai_audio/sample_speech_recognition/build/sample_speech_recognition/build/lib/sample_speech_recognition
copying sample_speech_recognition/audio_process.py -> /home/ubuntu/ASR/qrb_ros_samples_fulan/ai_audio/sample_speech_recognition/build/sample_speech_recognition/build/lib/sample_speech_recognition
running install
running install_lib
creating /home/ubuntu/ASR/qrb_ros_samples_fulan/ai_audio/sample_speech_recognition/install/sample_speech_recognition/lib/python3.12/site-packages/sample_speech_recognition
copying /home/ubuntu/ASR/qrb_ros_samples_fulan/ai_audio/sample_speech_recognition/build/sample_speech_recognition/build/lib/sample_speech_recognition/decode.py -> /home/ubuntu/ASR/qrb_ros_samples_fulan/ai_audio/sample_speech_recognition/install/sample_speech_recognition/lib/python3.12/site-packages/sample_speech_recognition
copying /home/ubuntu/ASR/qrb_ros_samples_fulan/ai_audio/sample_speech_recognition/build/sample_speech_recognition/build/lib/sample_speech_recognition/qrb_ros_whisper_preprocess.py -> /home/ubuntu/ASR/qrb_ros_samples_fulan/ai_audio/sample_speech_recognition/install/sample_speech_recognition/lib/python3.12/site-packages/sample_speech_recognition
copying /home/ubuntu/ASR/qrb_ros_samples_fulan/ai_audio/sample_speech_recognition/build/sample_speech_recognition/build/lib/sample_speech_recognition/qrb_ros_whisper_postprocess.py -> /home/ubuntu/ASR/qrb_ros_samples_fulan/ai_audio/sample_speech_recognition/install/sample_speech_recognition/lib/python3.12/site-packages/sample_speech_recognition
copying /home/ubuntu/ASR/qrb_ros_samples_fulan/ai_audio/sample_speech_recognition/build/sample_speech_recognition/build/lib/sample_speech_recognition/__init__.py -> /home/ubuntu/ASR/qrb_ros_samples_fulan/ai_audio/sample_speech_recognition/install/sample_speech_recognition/lib/python3.12/site-packages/sample_speech_recognition
copying /home/ubuntu/ASR/qrb_ros_samples_fulan/ai_audio/sample_speech_recognition/build/sample_speech_recognition/build/lib/sample_speech_recognition/audio_process.py -> /home/ubuntu/ASR/qrb_ros_samples_fulan/ai_audio/sample_speech_recognition/install/sample_speech_recognition/lib/python3.12/site-packages/sample_speech_recognition
byte-compiling /home/ubuntu/ASR/qrb_ros_samples_fulan/ai_audio/sample_speech_recognition/install/sample_speech_recognition/lib/python3.12/site-packages/sample_speech_recognition/decode.py to decode.cpython-312.pyc
byte-compiling /home/ubuntu/ASR/qrb_ros_samples_fulan/ai_audio/sample_speech_recognition/install/sample_speech_recognition/lib/python3.12/site-packages/sample_speech_recognition/qrb_ros_whisper_preprocess.py to qrb_ros_whisper_preprocess.cpython-312.pyc
byte-compiling /home/ubuntu/ASR/qrb_ros_samples_fulan/ai_audio/sample_speech_recognition/install/sample_speech_recognition/lib/python3.12/site-packages/sample_speech_recognition/qrb_ros_whisper_postprocess.py to qrb_ros_whisper_postprocess.cpython-312.pyc
byte-compiling /home/ubuntu/ASR/qrb_ros_samples_fulan/ai_audio/sample_speech_recognition/install/sample_speech_recognition/lib/python3.12/site-packages/sample_speech_recognition/__init__.py to __init__.cpython-312.pyc
byte-compiling /home/ubuntu/ASR/qrb_ros_samples_fulan/ai_audio/sample_speech_recognition/install/sample_speech_recognition/lib/python3.12/site-packages/sample_speech_recognition/audio_process.py to audio_process.cpython-312.pyc
running install_data
creating /home/ubuntu/ASR/qrb_ros_samples_fulan/ai_audio/sample_speech_recognition/install/sample_speech_recognition/share/ament_index
creating /home/ubuntu/ASR/qrb_ros_samples_fulan/ai_audio/sample_speech_recognition/install/sample_speech_recognition/share/ament_index/resource_index
creating /home/ubuntu/ASR/qrb_ros_samples_fulan/ai_audio/sample_speech_recognition/install/sample_speech_recognition/share/ament_index/resource_index/packages
copying resource/sample_speech_recognition -> /home/ubuntu/ASR/qrb_ros_samples_fulan/ai_audio/sample_speech_recognition/install/sample_speech_recognition/share/ament_index/resource_index/packages
copying package.xml -> /home/ubuntu/ASR/qrb_ros_samples_fulan/ai_audio/sample_speech_recognition/install/sample_speech_recognition/share/sample_speech_recognition
creating /home/ubuntu/ASR/qrb_ros_samples_fulan/ai_audio/sample_speech_recognition/install/sample_speech_recognition/lib/sample_speech_recognition
copying sample_speech_recognition/audio_process.py -> /home/ubuntu/ASR/qrb_ros_samples_fulan/ai_audio/sample_speech_recognition/install/sample_speech_recognition/lib/sample_speech_recognition
copying sample_speech_recognition/qrb_ros_whisper_preprocess.py -> /home/ubuntu/ASR/qrb_ros_samples_fulan/ai_audio/sample_speech_recognition/install/sample_speech_recognition/lib/sample_speech_recognition
copying sample_speech_recognition/qrb_ros_whisper_postprocess.py -> /home/ubuntu/ASR/qrb_ros_samples_fulan/ai_audio/sample_speech_recognition/install/sample_speech_recognition/lib/sample_speech_recognition
copying sample_speech_recognition/decode.py -> /home/ubuntu/ASR/qrb_ros_samples_fulan/ai_audio/sample_speech_recognition/install/sample_speech_recognition/lib/sample_speech_recognition
copying resource//decode_input.txt -> /home/ubuntu/ASR/qrb_ros_samples_fulan/ai_audio/sample_speech_recognition/install/sample_speech_recognition/share/sample_speech_recognition
copying resource//encode_input.txt -> /home/ubuntu/ASR/qrb_ros_samples_fulan/ai_audio/sample_speech_recognition/install/sample_speech_recognition/share/sample_speech_recognition
running install_egg_info
Copying build/sample_speech_recognition/sample_speech_recognition.egg-info to /home/ubuntu/ASR/qrb_ros_samples_fulan/ai_audio/sample_speech_recognition/install/sample_speech_recognition/lib/python3.12/site-packages/sample_speech_recognition-1.0.0-py3.12.egg-info
running install_scripts
Installing qrb_ros_whisper_postprocess script to /home/ubuntu/ASR/qrb_ros_samples_fulan/ai_audio/sample_speech_recognition/install/sample_speech_recognition/lib/sample_speech_recognition
Installing qrb_ros_whisper_preprocess script to /home/ubuntu/ASR/qrb_ros_samples_fulan/ai_audio/sample_speech_recognition/install/sample_speech_recognition/lib/sample_speech_recognition
writing list of installed files to '/home/ubuntu/ASR/qrb_ros_samples_fulan/ai_audio/sample_speech_recognition/build/sample_speech_recognition/install.log'
