[0.817s] Invoking command in '/home/ubuntu/ASR/qrb_ros_samples_fulan/ai_audio/sample_speech_recognition': DEBUGINFOD_URLS=https://debuginfod.ubuntu.com PYTHONPATH=/home/ubuntu/ASR/qrb_ros_samples_fulan/ai_audio/sample_speech_recognition/build/sample_speech_recognition/prefix_override:/usr/lib/python3/dist-packages/colcon_core/task/python/colcon_distutils_commands:/home/ubuntu/ASR/qrb_ros_samples_fulan/ai_audio/sample_speech_recognition/install/sample_speech_recognition/lib/python3.12/site-packages: /usr/bin/python3 -W ignore:setup.py install is deprecated -W ignore:easy_install command is deprecated setup.py egg_info --egg-base build/sample_speech_recognition build --build-base /home/ubuntu/ASR/qrb_ros_samples_fulan/ai_audio/sample_speech_recognition/build/sample_speech_recognition/build install --record /home/ubuntu/ASR/qrb_ros_samples_fulan/ai_audio/sample_speech_recognition/build/sample_speech_recognition/install.log --single-version-externally-managed install_data
[1.061s] running egg_info
[1.062s] creating build/sample_speech_recognition/sample_speech_recognition.egg-info
[1.074s] writing build/sample_speech_recognition/sample_speech_recognition.egg-info/PKG-INFO
[1.074s] writing dependency_links to build/sample_speech_recognition/sample_speech_recognition.egg-info/dependency_links.txt
[1.075s] writing entry points to build/sample_speech_recognition/sample_speech_recognition.egg-info/entry_points.txt
[1.075s] writing requirements to build/sample_speech_recognition/sample_speech_recognition.egg-info/requires.txt
[1.075s] writing top-level names to build/sample_speech_recognition/sample_speech_recognition.egg-info/top_level.txt
[1.075s] writing manifest file 'build/sample_speech_recognition/sample_speech_recognition.egg-info/SOURCES.txt'
[1.100s] reading manifest file 'build/sample_speech_recognition/sample_speech_recognition.egg-info/SOURCES.txt'
[1.100s] adding license file 'LICENSE'
[1.101s] writing manifest file 'build/sample_speech_recognition/sample_speech_recognition.egg-info/SOURCES.txt'
[1.102s] running build
[1.102s] running build_py
[1.102s] creating /home/ubuntu/ASR/qrb_ros_samples_fulan/ai_audio/sample_speech_recognition/build/sample_speech_recognition/build
[1.102s] creating /home/ubuntu/ASR/qrb_ros_samples_fulan/ai_audio/sample_speech_recognition/build/sample_speech_recognition/build/lib
[1.102s] creating /home/ubuntu/ASR/qrb_ros_samples_fulan/ai_audio/sample_speech_recognition/build/sample_speech_recognition/build/lib/sample_speech_recognition
[1.103s] copying sample_speech_recognition/decode.py -> /home/ubuntu/ASR/qrb_ros_samples_fulan/ai_audio/sample_speech_recognition/build/sample_speech_recognition/build/lib/sample_speech_recognition
[1.103s] copying sample_speech_recognition/qrb_ros_whisper_preprocess.py -> /home/ubuntu/ASR/qrb_ros_samples_fulan/ai_audio/sample_speech_recognition/build/sample_speech_recognition/build/lib/sample_speech_recognition
[1.103s] copying sample_speech_recognition/qrb_ros_whisper_postprocess.py -> /home/ubuntu/ASR/qrb_ros_samples_fulan/ai_audio/sample_speech_recognition/build/sample_speech_recognition/build/lib/sample_speech_recognition
[1.103s] copying sample_speech_recognition/__init__.py -> /home/ubuntu/ASR/qrb_ros_samples_fulan/ai_audio/sample_speech_recognition/build/sample_speech_recognition/build/lib/sample_speech_recognition
[1.103s] copying sample_speech_recognition/audio_process.py -> /home/ubuntu/ASR/qrb_ros_samples_fulan/ai_audio/sample_speech_recognition/build/sample_speech_recognition/build/lib/sample_speech_recognition
[1.104s] running install
[1.111s] running install_lib
[1.124s] creating /home/ubuntu/ASR/qrb_ros_samples_fulan/ai_audio/sample_speech_recognition/install/sample_speech_recognition/lib/python3.12/site-packages/sample_speech_recognition
[1.124s] copying /home/ubuntu/ASR/qrb_ros_samples_fulan/ai_audio/sample_speech_recognition/build/sample_speech_recognition/build/lib/sample_speech_recognition/decode.py -> /home/ubuntu/ASR/qrb_ros_samples_fulan/ai_audio/sample_speech_recognition/install/sample_speech_recognition/lib/python3.12/site-packages/sample_speech_recognition
[1.124s] copying /home/ubuntu/ASR/qrb_ros_samples_fulan/ai_audio/sample_speech_recognition/build/sample_speech_recognition/build/lib/sample_speech_recognition/qrb_ros_whisper_preprocess.py -> /home/ubuntu/ASR/qrb_ros_samples_fulan/ai_audio/sample_speech_recognition/install/sample_speech_recognition/lib/python3.12/site-packages/sample_speech_recognition
[1.124s] copying /home/ubuntu/ASR/qrb_ros_samples_fulan/ai_audio/sample_speech_recognition/build/sample_speech_recognition/build/lib/sample_speech_recognition/qrb_ros_whisper_postprocess.py -> /home/ubuntu/ASR/qrb_ros_samples_fulan/ai_audio/sample_speech_recognition/install/sample_speech_recognition/lib/python3.12/site-packages/sample_speech_recognition
[1.125s] copying /home/ubuntu/ASR/qrb_ros_samples_fulan/ai_audio/sample_speech_recognition/build/sample_speech_recognition/build/lib/sample_speech_recognition/__init__.py -> /home/ubuntu/ASR/qrb_ros_samples_fulan/ai_audio/sample_speech_recognition/install/sample_speech_recognition/lib/python3.12/site-packages/sample_speech_recognition
[1.125s] copying /home/ubuntu/ASR/qrb_ros_samples_fulan/ai_audio/sample_speech_recognition/build/sample_speech_recognition/build/lib/sample_speech_recognition/audio_process.py -> /home/ubuntu/ASR/qrb_ros_samples_fulan/ai_audio/sample_speech_recognition/install/sample_speech_recognition/lib/python3.12/site-packages/sample_speech_recognition
[1.125s] byte-compiling /home/ubuntu/ASR/qrb_ros_samples_fulan/ai_audio/sample_speech_recognition/install/sample_speech_recognition/lib/python3.12/site-packages/sample_speech_recognition/decode.py to decode.cpython-312.pyc
[1.127s] byte-compiling /home/ubuntu/ASR/qrb_ros_samples_fulan/ai_audio/sample_speech_recognition/install/sample_speech_recognition/lib/python3.12/site-packages/sample_speech_recognition/qrb_ros_whisper_preprocess.py to qrb_ros_whisper_preprocess.cpython-312.pyc
[1.129s] byte-compiling /home/ubuntu/ASR/qrb_ros_samples_fulan/ai_audio/sample_speech_recognition/install/sample_speech_recognition/lib/python3.12/site-packages/sample_speech_recognition/qrb_ros_whisper_postprocess.py to qrb_ros_whisper_postprocess.cpython-312.pyc
[1.131s] byte-compiling /home/ubuntu/ASR/qrb_ros_samples_fulan/ai_audio/sample_speech_recognition/install/sample_speech_recognition/lib/python3.12/site-packages/sample_speech_recognition/__init__.py to __init__.cpython-312.pyc
[1.131s] byte-compiling /home/ubuntu/ASR/qrb_ros_samples_fulan/ai_audio/sample_speech_recognition/install/sample_speech_recognition/lib/python3.12/site-packages/sample_speech_recognition/audio_process.py to audio_process.cpython-312.pyc
[1.132s] running install_data
[1.133s] creating /home/ubuntu/ASR/qrb_ros_samples_fulan/ai_audio/sample_speech_recognition/install/sample_speech_recognition/share/ament_index
[1.133s] creating /home/ubuntu/ASR/qrb_ros_samples_fulan/ai_audio/sample_speech_recognition/install/sample_speech_recognition/share/ament_index/resource_index
[1.133s] creating /home/ubuntu/ASR/qrb_ros_samples_fulan/ai_audio/sample_speech_recognition/install/sample_speech_recognition/share/ament_index/resource_index/packages
[1.133s] copying resource/sample_speech_recognition -> /home/ubuntu/ASR/qrb_ros_samples_fulan/ai_audio/sample_speech_recognition/install/sample_speech_recognition/share/ament_index/resource_index/packages
[1.133s] copying package.xml -> /home/ubuntu/ASR/qrb_ros_samples_fulan/ai_audio/sample_speech_recognition/install/sample_speech_recognition/share/sample_speech_recognition
[1.134s] creating /home/ubuntu/ASR/qrb_ros_samples_fulan/ai_audio/sample_speech_recognition/install/sample_speech_recognition/lib/sample_speech_recognition
[1.134s] copying sample_speech_recognition/audio_process.py -> /home/ubuntu/ASR/qrb_ros_samples_fulan/ai_audio/sample_speech_recognition/install/sample_speech_recognition/lib/sample_speech_recognition
[1.134s] copying sample_speech_recognition/qrb_ros_whisper_preprocess.py -> /home/ubuntu/ASR/qrb_ros_samples_fulan/ai_audio/sample_speech_recognition/install/sample_speech_recognition/lib/sample_speech_recognition
[1.134s] copying sample_speech_recognition/qrb_ros_whisper_postprocess.py -> /home/ubuntu/ASR/qrb_ros_samples_fulan/ai_audio/sample_speech_recognition/install/sample_speech_recognition/lib/sample_speech_recognition
[1.134s] copying sample_speech_recognition/decode.py -> /home/ubuntu/ASR/qrb_ros_samples_fulan/ai_audio/sample_speech_recognition/install/sample_speech_recognition/lib/sample_speech_recognition
[1.135s] copying resource//decode_input.txt -> /home/ubuntu/ASR/qrb_ros_samples_fulan/ai_audio/sample_speech_recognition/install/sample_speech_recognition/share/sample_speech_recognition
[1.135s] copying resource//encode_input.txt -> /home/ubuntu/ASR/qrb_ros_samples_fulan/ai_audio/sample_speech_recognition/install/sample_speech_recognition/share/sample_speech_recognition
[1.135s] running install_egg_info
[1.149s] Copying build/sample_speech_recognition/sample_speech_recognition.egg-info to /home/ubuntu/ASR/qrb_ros_samples_fulan/ai_audio/sample_speech_recognition/install/sample_speech_recognition/lib/python3.12/site-packages/sample_speech_recognition-1.0.0-py3.12.egg-info
[1.150s] running install_scripts
[1.255s] Installing qrb_ros_whisper_postprocess script to /home/ubuntu/ASR/qrb_ros_samples_fulan/ai_audio/sample_speech_recognition/install/sample_speech_recognition/lib/sample_speech_recognition
[1.255s] Installing qrb_ros_whisper_preprocess script to /home/ubuntu/ASR/qrb_ros_samples_fulan/ai_audio/sample_speech_recognition/install/sample_speech_recognition/lib/sample_speech_recognition
[1.256s] writing list of installed files to '/home/ubuntu/ASR/qrb_ros_samples_fulan/ai_audio/sample_speech_recognition/build/sample_speech_recognition/install.log'
[1.299s] Invoked command in '/home/ubuntu/ASR/qrb_ros_samples_fulan/ai_audio/sample_speech_recognition' returned '0': DEBUGINFOD_URLS=https://debuginfod.ubuntu.com PYTHONPATH=/home/ubuntu/ASR/qrb_ros_samples_fulan/ai_audio/sample_speech_recognition/build/sample_speech_recognition/prefix_override:/usr/lib/python3/dist-packages/colcon_core/task/python/colcon_distutils_commands:/home/ubuntu/ASR/qrb_ros_samples_fulan/ai_audio/sample_speech_recognition/install/sample_speech_recognition/lib/python3.12/site-packages: /usr/bin/python3 -W ignore:setup.py install is deprecated -W ignore:easy_install command is deprecated setup.py egg_info --egg-base build/sample_speech_recognition build --build-base /home/ubuntu/ASR/qrb_ros_samples_fulan/ai_audio/sample_speech_recognition/build/sample_speech_recognition/build install --record /home/ubuntu/ASR/qrb_ros_samples_fulan/ai_audio/sample_speech_recognition/build/sample_speech_recognition/install.log --single-version-externally-managed install_data
