[0.118s] DEBUG:colcon:Command line arguments: ['/usr/bin/colcon', 'build']
[0.119s] DEBUG:colcon:Parsed command line arguments: Namespace(log_base=None, log_level=None, verb_name='build', build_base='build', install_base='install', merge_install=False, symlink_install=False, test_result_base=None, continue_on_error=False, executor='parallel', parallel_workers=8, event_handlers=None, ignore_user_meta=False, metas=['./colcon.meta'], base_paths=['.'], packages_ignore=None, packages_ignore_regex=None, paths=None, packages_up_to=None, packages_up_to_regex=None, packages_above=None, packages_above_and_dependencies=None, packages_above_depth=None, packages_select_by_dep=None, packages_skip_by_dep=None, packages_skip_up_to=None, packages_select_build_failed=False, packages_skip_build_finished=False, packages_select_test_failures=False, packages_skip_test_passed=False, packages_select=None, packages_skip=None, packages_select_regex=None, packages_skip_regex=None, packages_start=None, packages_end=None, cmake_args=None, cmake_target=None, cmake_target_skip_unavailable=False, cmake_clean_cache=False, cmake_clean_first=False, cmake_force_configure=False, ament_cmake_args=None, catkin_cmake_args=None, catkin_skip_building_tests=False, verb_parser=<colcon_defaults.argument_parser.defaults.DefaultArgumentsDecorator object at 0xffffbbc21970>, verb_extension=<colcon_core.verb.build.BuildVerb object at 0xffffbc8e6510>, main=<bound method BuildVerb.main of <colcon_core.verb.build.BuildVerb object at 0xffffbc8e6510>>)
[0.170s] Level 1:colcon.colcon_core.package_discovery:discover_packages(colcon_meta) check parameters
[0.170s] Level 1:colcon.colcon_core.package_discovery:discover_packages(recursive) check parameters
[0.170s] Level 1:colcon.colcon_core.package_discovery:discover_packages(ignore) check parameters
[0.170s] Level 1:colcon.colcon_core.package_discovery:discover_packages(path) check parameters
[0.170s] Level 1:colcon.colcon_core.package_discovery:discover_packages(colcon_meta) discover
[0.171s] Level 1:colcon.colcon_core.package_discovery:discover_packages(recursive) discover
[0.171s] INFO:colcon.colcon_core.package_discovery:Crawling recursively for packages in '/home/ubuntu/ASR/qrb_ros_samples_fulan/ai_audio/sample_speech_recognition'
[0.171s] Level 1:colcon.colcon_core.package_identification:_identify(.) by extensions ['ignore', 'ignore_ament_install']
[0.171s] Level 1:colcon.colcon_core.package_identification:_identify(.) by extension 'ignore'
[0.171s] Level 1:colcon.colcon_core.package_identification:_identify(.) by extension 'ignore_ament_install'
[0.171s] Level 1:colcon.colcon_core.package_identification:_identify(.) by extensions ['colcon_pkg']
[0.171s] Level 1:colcon.colcon_core.package_identification:_identify(.) by extension 'colcon_pkg'
[0.171s] Level 1:colcon.colcon_core.package_identification:_identify(.) by extensions ['colcon_meta']
[0.171s] Level 1:colcon.colcon_core.package_identification:_identify(.) by extension 'colcon_meta'
[0.171s] Level 1:colcon.colcon_core.package_identification:_identify(.) by extensions ['ros']
[0.171s] Level 1:colcon.colcon_core.package_identification:_identify(.) by extension 'ros'
[0.206s] DEBUG:colcon.colcon_core.package_identification:Package '.' with type 'ros.ament_python' and name 'sample_speech_recognition'
[0.206s] Level 1:colcon.colcon_core.package_discovery:discover_packages(recursive) using defaults
[0.206s] Level 1:colcon.colcon_core.package_discovery:discover_packages(ignore) discover
[0.206s] Level 1:colcon.colcon_core.package_discovery:discover_packages(ignore) using defaults
[0.206s] Level 1:colcon.colcon_core.package_discovery:discover_packages(path) discover
[0.206s] Level 1:colcon.colcon_core.package_discovery:discover_packages(path) using defaults
[0.229s] Level 5:colcon.colcon_core.verb:set package 'sample_speech_recognition' build argument 'cmake_args' from command line to 'None'
[0.229s] Level 5:colcon.colcon_core.verb:set package 'sample_speech_recognition' build argument 'cmake_target' from command line to 'None'
[0.229s] Level 5:colcon.colcon_core.verb:set package 'sample_speech_recognition' build argument 'cmake_target_skip_unavailable' from command line to 'False'
[0.230s] Level 5:colcon.colcon_core.verb:set package 'sample_speech_recognition' build argument 'cmake_clean_cache' from command line to 'False'
[0.230s] Level 5:colcon.colcon_core.verb:set package 'sample_speech_recognition' build argument 'cmake_clean_first' from command line to 'False'
[0.230s] Level 5:colcon.colcon_core.verb:set package 'sample_speech_recognition' build argument 'cmake_force_configure' from command line to 'False'
[0.230s] Level 5:colcon.colcon_core.verb:set package 'sample_speech_recognition' build argument 'ament_cmake_args' from command line to 'None'
[0.230s] Level 5:colcon.colcon_core.verb:set package 'sample_speech_recognition' build argument 'catkin_cmake_args' from command line to 'None'
[0.230s] Level 5:colcon.colcon_core.verb:set package 'sample_speech_recognition' build argument 'catkin_skip_building_tests' from command line to 'False'
[0.230s] DEBUG:colcon.colcon_core.verb:Building package 'sample_speech_recognition' with the following arguments: {'ament_cmake_args': None, 'build_base': '/home/ubuntu/ASR/qrb_ros_samples_fulan/ai_audio/sample_speech_recognition/build/sample_speech_recognition', 'catkin_cmake_args': None, 'catkin_skip_building_tests': False, 'cmake_args': None, 'cmake_clean_cache': False, 'cmake_clean_first': False, 'cmake_force_configure': False, 'cmake_target': None, 'cmake_target_skip_unavailable': False, 'install_base': '/home/ubuntu/ASR/qrb_ros_samples_fulan/ai_audio/sample_speech_recognition/install/sample_speech_recognition', 'merge_install': False, 'path': '/home/ubuntu/ASR/qrb_ros_samples_fulan/ai_audio/sample_speech_recognition', 'symlink_install': False, 'test_result_base': None}
[0.230s] INFO:colcon.colcon_core.executor:Executing jobs using 'parallel' executor
[0.231s] DEBUG:colcon.colcon_parallel_executor.executor.parallel:run_until_complete
[0.232s] INFO:colcon.colcon_ros.task.ament_python.build:Building ROS package in '/home/ubuntu/ASR/qrb_ros_samples_fulan/ai_audio/sample_speech_recognition' with build type 'ament_python'
[0.232s] Level 1:colcon.colcon_core.shell:create_environment_hook('sample_speech_recognition', 'ament_prefix_path')
[0.234s] INFO:colcon.colcon_core.plugin_system:Skipping extension 'colcon_core.shell.bat': Not used on non-Windows systems
[0.235s] INFO:colcon.colcon_core.shell:Creating environment descriptor '/home/ubuntu/ASR/qrb_ros_samples_fulan/ai_audio/sample_speech_recognition/install/sample_speech_recognition/share/sample_speech_recognition/hook/ament_prefix_path.dsv'
[0.236s] INFO:colcon.colcon_core.shell:Creating environment hook '/home/ubuntu/ASR/qrb_ros_samples_fulan/ai_audio/sample_speech_recognition/install/sample_speech_recognition/share/sample_speech_recognition/hook/ament_prefix_path.sh'
[0.236s] DEBUG:colcon.colcon_core.shell:Skip shell extension 'dsv' for command environment
[0.478s] INFO:colcon.colcon_core.task.python.build:Building Python package in '/home/ubuntu/ASR/qrb_ros_samples_fulan/ai_audio/sample_speech_recognition'
[0.479s] DEBUG:colcon.colcon_core.shell:Skip shell extension 'dsv' for command environment
[1.049s] DEBUG:colcon.colcon_core.event_handler.log_command:Invoking command in '/home/ubuntu/ASR/qrb_ros_samples_fulan/ai_audio/sample_speech_recognition': DEBUGINFOD_URLS=https://debuginfod.ubuntu.com PYTHONPATH=/home/ubuntu/ASR/qrb_ros_samples_fulan/ai_audio/sample_speech_recognition/build/sample_speech_recognition/prefix_override:/usr/lib/python3/dist-packages/colcon_core/task/python/colcon_distutils_commands:/home/ubuntu/ASR/qrb_ros_samples_fulan/ai_audio/sample_speech_recognition/install/sample_speech_recognition/lib/python3.12/site-packages: /usr/bin/python3 -W ignore:setup.py install is deprecated -W ignore:easy_install command is deprecated setup.py egg_info --egg-base build/sample_speech_recognition build --build-base /home/ubuntu/ASR/qrb_ros_samples_fulan/ai_audio/sample_speech_recognition/build/sample_speech_recognition/build install --record /home/ubuntu/ASR/qrb_ros_samples_fulan/ai_audio/sample_speech_recognition/build/sample_speech_recognition/install.log --single-version-externally-managed install_data
[1.531s] DEBUG:colcon.colcon_core.event_handler.log_command:Invoked command in '/home/ubuntu/ASR/qrb_ros_samples_fulan/ai_audio/sample_speech_recognition' returned '0': DEBUGINFOD_URLS=https://debuginfod.ubuntu.com PYTHONPATH=/home/ubuntu/ASR/qrb_ros_samples_fulan/ai_audio/sample_speech_recognition/build/sample_speech_recognition/prefix_override:/usr/lib/python3/dist-packages/colcon_core/task/python/colcon_distutils_commands:/home/ubuntu/ASR/qrb_ros_samples_fulan/ai_audio/sample_speech_recognition/install/sample_speech_recognition/lib/python3.12/site-packages: /usr/bin/python3 -W ignore:setup.py install is deprecated -W ignore:easy_install command is deprecated setup.py egg_info --egg-base build/sample_speech_recognition build --build-base /home/ubuntu/ASR/qrb_ros_samples_fulan/ai_audio/sample_speech_recognition/build/sample_speech_recognition/build install --record /home/ubuntu/ASR/qrb_ros_samples_fulan/ai_audio/sample_speech_recognition/build/sample_speech_recognition/install.log --single-version-externally-managed install_data
[1.535s] Level 1:colcon.colcon_core.environment:checking '/home/ubuntu/ASR/qrb_ros_samples_fulan/ai_audio/sample_speech_recognition/install/sample_speech_recognition' for CMake module files
[1.536s] Level 1:colcon.colcon_core.environment:checking '/home/ubuntu/ASR/qrb_ros_samples_fulan/ai_audio/sample_speech_recognition/install/sample_speech_recognition' for CMake config files
[1.538s] Level 1:colcon.colcon_core.environment:checking '/home/ubuntu/ASR/qrb_ros_samples_fulan/ai_audio/sample_speech_recognition/install/sample_speech_recognition/lib'
[1.538s] Level 1:colcon.colcon_core.environment:checking '/home/ubuntu/ASR/qrb_ros_samples_fulan/ai_audio/sample_speech_recognition/install/sample_speech_recognition/bin'
[1.538s] Level 1:colcon.colcon_core.environment:checking '/home/ubuntu/ASR/qrb_ros_samples_fulan/ai_audio/sample_speech_recognition/install/sample_speech_recognition/lib/pkgconfig/sample_speech_recognition.pc'
[1.539s] Level 1:colcon.colcon_core.environment:checking '/home/ubuntu/ASR/qrb_ros_samples_fulan/ai_audio/sample_speech_recognition/install/sample_speech_recognition/lib/python3.12/site-packages'
[1.539s] Level 1:colcon.colcon_core.shell:create_environment_hook('sample_speech_recognition', 'pythonpath')
[1.539s] INFO:colcon.colcon_core.shell:Creating environment descriptor '/home/ubuntu/ASR/qrb_ros_samples_fulan/ai_audio/sample_speech_recognition/install/sample_speech_recognition/share/sample_speech_recognition/hook/pythonpath.dsv'
[1.540s] INFO:colcon.colcon_core.shell:Creating environment hook '/home/ubuntu/ASR/qrb_ros_samples_fulan/ai_audio/sample_speech_recognition/install/sample_speech_recognition/share/sample_speech_recognition/hook/pythonpath.sh'
[1.541s] Level 1:colcon.colcon_core.environment:checking '/home/ubuntu/ASR/qrb_ros_samples_fulan/ai_audio/sample_speech_recognition/install/sample_speech_recognition/bin'
[1.541s] Level 1:colcon.colcon_core.environment:create_environment_scripts_only(sample_speech_recognition)
[1.542s] INFO:colcon.colcon_core.shell:Creating package descriptor '/home/ubuntu/ASR/qrb_ros_samples_fulan/ai_audio/sample_speech_recognition/install/sample_speech_recognition/share/sample_speech_recognition/package.dsv'
[1.543s] INFO:colcon.colcon_core.shell:Creating package script '/home/ubuntu/ASR/qrb_ros_samples_fulan/ai_audio/sample_speech_recognition/install/sample_speech_recognition/share/sample_speech_recognition/package.sh'
[1.544s] INFO:colcon.colcon_core.shell:Creating package script '/home/ubuntu/ASR/qrb_ros_samples_fulan/ai_audio/sample_speech_recognition/install/sample_speech_recognition/share/sample_speech_recognition/package.bash'
[1.546s] INFO:colcon.colcon_core.shell:Creating package script '/home/ubuntu/ASR/qrb_ros_samples_fulan/ai_audio/sample_speech_recognition/install/sample_speech_recognition/share/sample_speech_recognition/package.zsh'
[1.549s] Level 1:colcon.colcon_core.environment:create_file_with_runtime_dependencies(/home/ubuntu/ASR/qrb_ros_samples_fulan/ai_audio/sample_speech_recognition/install/sample_speech_recognition/share/colcon-core/packages/sample_speech_recognition)
[1.550s] DEBUG:colcon.colcon_parallel_executor.executor.parallel:closing loop
[1.551s] DEBUG:colcon.colcon_parallel_executor.executor.parallel:loop closed
[1.551s] DEBUG:colcon.colcon_parallel_executor.executor.parallel:run_until_complete finished with '0'
[1.551s] DEBUG:colcon.colcon_core.event_reactor:joining thread
[1.562s] INFO:colcon.colcon_core.plugin_system:Skipping extension 'colcon_notification.desktop_notification.terminal_notifier': Not used on non-Darwin systems
[1.562s] INFO:colcon.colcon_core.plugin_system:Skipping extension 'colcon_notification.desktop_notification.win32': Not used on non-Windows systems
[1.562s] INFO:colcon.colcon_notification.desktop_notification:Sending desktop notification using 'notify2'
[1.564s] DEBUG:colcon.colcon_notification.desktop_notification.notify2:Failed to initialize notify2: org.freedesktop.DBus.Error.ServiceUnknown: The name org.freedesktop.Notifications was not provided by any .service files
[1.565s] DEBUG:colcon.colcon_core.event_reactor:joined thread
[1.565s] INFO:colcon.colcon_core.shell:Creating prefix script '/home/ubuntu/ASR/qrb_ros_samples_fulan/ai_audio/sample_speech_recognition/install/local_setup.sh'
[1.566s] INFO:colcon.colcon_core.shell:Creating prefix util module '/home/ubuntu/ASR/qrb_ros_samples_fulan/ai_audio/sample_speech_recognition/install/_local_setup_util_sh.py'
[1.569s] INFO:colcon.colcon_core.shell:Creating prefix chain script '/home/ubuntu/ASR/qrb_ros_samples_fulan/ai_audio/sample_speech_recognition/install/setup.sh'
[1.570s] INFO:colcon.colcon_core.shell:Creating prefix script '/home/ubuntu/ASR/qrb_ros_samples_fulan/ai_audio/sample_speech_recognition/install/local_setup.bash'
[1.571s] INFO:colcon.colcon_core.shell:Creating prefix chain script '/home/ubuntu/ASR/qrb_ros_samples_fulan/ai_audio/sample_speech_recognition/install/setup.bash'
[1.572s] INFO:colcon.colcon_core.shell:Creating prefix script '/home/ubuntu/ASR/qrb_ros_samples_fulan/ai_audio/sample_speech_recognition/install/local_setup.zsh'
[1.574s] INFO:colcon.colcon_core.shell:Creating prefix chain script '/home/ubuntu/ASR/qrb_ros_samples_fulan/ai_audio/sample_speech_recognition/install/setup.zsh'
